{
  "RSpec": {
    "coverage": {
      "/Users/ethan/RubymineProjects/driftMap/spec/models/globe_spec.rb": [
        1,
        null,
        1,
        6,
        5,
        null,
        1,
        1,
        1,
        1,
        null,
        null,
        1,
        1,
        1,
        null,
        null,
        1,
        1,
        1,
        null,
        null,
        1,
        1,
        1,
        null,
        null,
        1,
        1,
        1,
        1,
        null,
        null
      ],
      "/Users/ethan/RubymineProjects/driftMap/spec/rails_helper.rb": [
        null,
        1,
        1,
        1,
        null,
        1,
        1,
        null,
        null,
        null,
        null,
        null,
        null,
        null,
        null,
        null,
        null,
        null,
        null,
        null,
        null,
        null,
        null,
        null,
        null,
        null,
        1,
        null,
        1,
        null,
        1,
        null,
        null,
        null,
        null,
        1,
        null,
        null,
        null,
        null,
        null,
        null,
        null,
        null,
        null,
        null,
        null,
        null,
        null,
        null,
        1,
        null,
        null,
        1,
        null,
        null,
        null
      ],
      "/Users/ethan/RubymineProjects/driftMap/config/environment.rb": [
        null,
        1,
        null,
        null,
        1
      ],
      "/Users/ethan/RubymineProjects/driftMap/config/application.rb": [
        1,
        null,
        1,
        null,
        null,
        null,
        1,
        null,
        1,
        1,
        null,
        1,
        null,
        null,
        null,
        null,
        null,
        null
      ],
      "/Users/ethan/RubymineProjects/driftMap/config/boot.rb": [
        1,
        null,
        1
      ],
      "/Users/ethan/RubymineProjects/driftMap/config/environments/test.rb": [
        1,
        null,
        null,
        null,
        null,
        null,
        null,
        1,
        null,
        null,
        null,
        null,
        1,
        null,
        null,
        1,
        1,
        null,
        null,
        null,
        null,
        1,
        1,
        null,
        null,
        1,
        null,
        null,
        1,
        1,
        null,
        null,
        null,
        null,
        1,
        null,
        null,
        1,
        null,
        null,
        null,
        null
      ],
      "/Users/ethan/RubymineProjects/driftMap/config/initializers/application_controller_renderer.rb": [
        null,
        null,
        null,
        null,
        null,
        null
      ],
      "/Users/ethan/RubymineProjects/driftMap/config/initializers/assets.rb": [
        null,
        null,
        null,
        1,
        null,
        null,
        null,
        null,
        1,
        null,
        null,
        null,
        null,
        null
      ],
      "/Users/ethan/RubymineProjects/driftMap/config/initializers/backtrace_silencers.rb": [
        null,
        null,
        null,
        null,
        null,
        null,
        null
      ],
      "/Users/ethan/RubymineProjects/driftMap/config/initializers/cookies_serializer.rb": [
        null,
        null,
        null,
        null,
        1
      ],
      "/Users/ethan/RubymineProjects/driftMap/config/initializers/filter_parameter_logging.rb": [
        null,
        null,
        null,
        1
      ],
      "/Users/ethan/RubymineProjects/driftMap/config/initializers/inflections.rb": [
        null,
        null,
        null,
        null,
        null,
        null,
        null,
        null,
        null,
        null,
        null,
        null,
        null,
        null,
        null,
        null
      ],
      "/Users/ethan/RubymineProjects/driftMap/config/initializers/mime_types.rb": [
        null,
        null,
        null,
        null
      ],
      "/Users/ethan/RubymineProjects/driftMap/config/initializers/wrap_parameters.rb": [
        null,
        null,
        null,
        null,
        null,
        null,
        1,
        1,
        null,
        null,
        null,
        null,
        null,
        null
      ],
      "/Users/ethan/RubymineProjects/driftMap/config/routes.rb": [
        1,
        1,
        null
      ],
      "/Users/ethan/RubymineProjects/driftMap/app/helpers/application_helper.rb": [
        1,
        null
      ],
      "/Users/ethan/RubymineProjects/driftMap/app/helpers/home_helper.rb": [
        1,
        null
      ],
      "/Users/ethan/RubymineProjects/driftMap/app/models/globe.rb": [
        1,
        null,
        1,
        null,
        null,
        1,
        1,
        null
      ],
      "/Users/ethan/RubymineProjects/driftMap/app/models/application_record.rb": [
        1,
        1,
        null
      ],
      "/Users/ethan/RubymineProjects/driftMap/spec/models/journey_spec.rb": [
        1,
        null,
        1,
        4,
        4,
        null,
        1,
        1,
        null,
        null,
        1,
        1,
        1,
        1,
        1,
        null,
        null,
        1,
        1,
        null,
        1,
        1,
        1,
        null,
        null
      ],
      "/Users/ethan/RubymineProjects/driftMap/app/models/journey.rb": [
        1,
        null,
        1,
        1,
        null,
        null,
        1,
        1,
        1,
        null
      ],
      "/Users/ethan/RubymineProjects/driftMap/spec/models/user_spec.rb": [
        1,
        null,
        1,
        6,
        1,
        null,
        1,
        1,
        null,
        1,
        1,
        null,
        null,
        1,
        1,
        1,
        1,
        1,
        null,
        1,
        1,
        1,
        1,
        null,
        null,
        1,
        1,
        1,
        1,
        1,
        1,
        1,
        null,
        null,
        1,
        1,
        1,
        1,
        1,
        null,
        null,
        1,
        1,
        1,
        null,
        null,
        null
      ],
      "/Users/ethan/RubymineProjects/driftMap/app/models/user.rb": [
        1,
        null,
        1,
        1,
        null,
        null,
        1,
        null,
        null,
        1,
        1,
        1,
        1,
        1,
        1,
        null,
        null,
        1,
        1,
        null,
        null,
        1,
        1,
        null,
        null,
        1,
        null,
        null,
        null,
        null,
        null,
        null,
        1,
        0,
        0,
        0,
        null,
        null,
        1,
        0,
        0,
        null,
        null,
        null,
        1,
        0,
        null,
        null,
        1,
        0,
        0,
        null,
        null,
        1,
        0,
        null,
        null,
        1,
        0,
        0,
        0,
        null,
        null,
        1,
        0,
        null,
        null,
        1,
        null,
        1,
        0,
        null,
        null,
        1,
        11,
        null,
        null,
        1,
        0,
        null,
        null
      ],
      "/Users/ethan/RubymineProjects/driftMap/spec/models/waypoint_spec.rb": [
        1,
        null,
        1,
        6,
        6,
        null,
        1,
        1,
        null,
        null,
        1,
        1,
        1,
        null,
        null,
        1,
        1,
        1,
        null,
        null,
        1,
        1,
        1,
        null,
        null,
        1,
        1,
        1,
        null,
        null,
        1,
        null,
        null,
        null,
        1,
        1,
        null,
        null,
        null,
        1,
        null,
        null,
        null,
        1,
        null,
        null,
        null,
        1,
        null,
        null,
        null,
        1,
        null,
        null,
        null
      ],
      "/Users/ethan/RubymineProjects/driftMap/app/models/waypoint.rb": [
        1,
        null,
        1,
        1,
        1,
        1,
        null,
        null,
        1,
        1,
        1,
        1,
        null
      ],
      "/Users/ethan/RubymineProjects/driftMap/app/models/album.rb": [
        1,
        null,
        1,
        1,
        null,
        null,
        1,
        1,
        null
      ],
      "/Users/ethan/RubymineProjects/driftMap/app/models/friend.rb": [
        1,
        null,
        1,
        null,
        null,
        1,
        1,
        null
      ],
      "/Users/ethan/RubymineProjects/driftMap/app/models/entry.rb": [
        1,
        null,
        1,
        null,
        null,
        1,
        1,
        1,
        null
      ]
    },
    "timestamp": 1500441768
  }
}
